\BOOKMARK [1][-]{section.1}{Traslazione, rotazione e deformazione e deformazione di un elemento di fluido}{}% 1
\BOOKMARK [2][-]{subsection.1.1}{Esempio: corrente di Newton}{section.1}% 2
\BOOKMARK [1][-]{section.2}{Legame tra le linee di corrente e le linee di livello della funzione di corrente : problema 2D}{}% 3
\BOOKMARK [1][-]{section.3}{Tensore degli sforzi}{}% 4
\BOOKMARK [1][-]{section.4}{Equazione della quantit\340 di moto e curvatura delle linee di corrente}{}% 5
\BOOKMARK [1][-]{section.5}{Teoremi di Bernoulli ed equazione della vorticit\340}{}% 6
\BOOKMARK [1][-]{section.6}{Teorema di Kutta\205Jukowski}{}% 7
\BOOKMARK [1][-]{section.7}{Cenni sulla similitudine}{}% 8
\BOOKMARK [2][-]{subsection.7.1}{Adimensionalizzazione delle equazioni di Navier\205Stokes}{section.7}% 9
\BOOKMARK [2][-]{subsection.7.2}{Analisi dimensionale}{section.7}% 10
\BOOKMARK [2][-]{subsection.7.3}{Visione ``unificata'' di adimenisonalizzazione rigorosa e analisi dimensionale}{section.7}% 11
\BOOKMARK [1][-]{section.8}{Equazione integrale di Von Karman per lo strato limite}{}% 12
\BOOKMARK [2][-]{subsection.8.1}{Metodo di Thwaites per lo strato limite laminare}{section.8}% 13
\BOOKMARK [2][-]{subsection.8.2}{Criteri di transizione}{section.8}% 14
\BOOKMARK [2][-]{subsection.8.3}{Metodo di Head per lo strato limite turbolento}{section.8}% 15
\BOOKMARK [1][-]{section.9}{Introduzione alla turbolenza}{}% 16
\BOOKMARK [2][-]{subsection.9.1}{Equazioni mediate di Reynolds \205 RANS}{section.9}% 17
\BOOKMARK [3][-]{subsubsection.9.1.1}{\(U\)RANS.}{subsection.9.1}% 18
\BOOKMARK [2][-]{subsection.9.2}{Equazioni dell'energia cinetica}{section.9}% 19
\BOOKMARK [3][-]{subsubsection.9.2.1}{Equazione dell'energia cinetica del moto medio}{subsection.9.2}% 20
\BOOKMARK [3][-]{subsubsection.9.2.2}{Equazione dell'energia cinetica turbolenta}{subsection.9.2}% 21
\BOOKMARK [2][-]{subsection.9.3}{Analisi statistica delle correnti turbolente}{section.9}% 22
\BOOKMARK [2][-]{subsection.9.4}{Correnti turbolente}{section.9}% 23
\BOOKMARK [3][-]{subsubsection.9.4.1}{Turbolenza omogena isotropa}{subsection.9.4}% 24
\BOOKMARK [3][-]{subsubsection.9.4.2}{Correnti di taglio \(Shear flow\)}{subsection.9.4}% 25
\BOOKMARK [3][-]{subsubsection.9.4.3}{Turbolenza di parete}{subsection.9.4}% 26
\BOOKMARK [2][-]{subsection.9.5}{Modelli numerici}{section.9}% 27
\BOOKMARK [3][-]{subsubsection.9.5.1}{Modelli basati sulla viscosit\340 turbolenta}{subsection.9.5}% 28
\BOOKMARK [3][-]{subsubsection.9.5.2}{LES}{subsection.9.5}% 29
